<?xml version="1.0" encoding="utf-8"?><testsuites><testsuite name="pytest" errors="0" failures="0" skipped="0" tests="58" time="2.184" timestamp="2026-09-23T17:43:54.846274+02:00" hostname="4464335e5852"><testcase classname="tests.test_delivery" name="test_default_speaker_is_original_and_does_not_load_painty_languages" time="0.001" /><testcase classname="tests.test_delivery" name="test_painty_loads_all_supplied_languages_in_both_modes" time="0.032" /><testcase classname="tests.test_delivery" name="test_custom_missing_and_unknown_presets_fail" time="0.002" /><testcase classname="tests.test_delivery" name="test_remote_mount_mapping_encodes_paths_and_rejects_escape" time="0.001" /><testcase classname="tests.test_delivery" name="test_preflight_detects_cuda13_blocker_without_rejecting_local_mode" time="0.000" /><testcase classname="tests.test_delivery" name="test_combined_overlays_have_an_unambiguous_order" time="0.000" /><testcase classname="tests.test_delivery" name="test_direct_tts_request_and_wav_validation" time="0.510" /><testcase classname="tests.test_delivery" name="test_audio_smoke_sends_pcm_and_waits_for_stt_and_vad" time="0.128" /><testcase classname="tests.test_delivery" name="test_smoke_does_not_report_partial_or_silent_audio_as_success[cancelled]" time="0.003" /><testcase classname="tests.test_delivery" name="test_smoke_does_not_report_partial_or_silent_audio_as_success[failed]" time="0.002" /><testcase classname="tests.test_delivery" name="test_smoke_does_not_report_partial_or_silent_audio_as_success[incomplete]" time="0.002" /><testcase classname="tests.test_delivery" name="test_smoke_does_not_report_partial_or_silent_audio_as_success[disconnect]" time="0.002" /><testcase classname="tests.test_delivery" name="test_smoke_does_not_report_partial_or_silent_audio_as_success[silence]" time="0.003" /><testcase classname="tests.test_demo" name="test_existing_voice_is_preserved_without_loading_model" time="0.001" /><testcase classname="tests.test_demo" name="test_invalid_reference_fails_before_model_start[missing_text]" time="0.001" /><testcase classname="tests.test_demo" name="test_invalid_reference_fails_before_model_start[empty_text]" time="0.001" /><testcase classname="tests.test_demo" name="test_invalid_reference_fails_before_model_start[stereo]" time="0.001" /><testcase classname="tests.test_demo" name="test_invalid_reference_fails_before_model_start[wrong_rate]" time="0.001" /><testcase classname="tests.test_demo" name="test_invalid_reference_fails_before_model_start[too_short]" time="0.001" /><testcase classname="tests.test_demo" name="test_invalid_reference_fails_before_model_start[silent]" time="0.002" /><testcase classname="tests.test_demo" name="test_launch_preserves_language_and_clone_contract[local]" time="0.001" /><testcase classname="tests.test_demo" name="test_launch_preserves_language_and_clone_contract[remote]" time="0.001" /><testcase classname="tests.test_demo" name="test_per_language_voices_are_passed_only_when_present_and_valid" time="0.004" /><testcase classname="tests.test_demo" name="test_remote_llm_requires_model_and_keeps_key_out_of_argv" time="0.001" /><testcase classname="tests.test_demo" name="test_config_and_static_assets" time="0.031" /><testcase classname="tests.test_demo" name="test_readiness_tracks_backend" time="0.003" /><testcase classname="tests.test_demo" name="test_websocket_relays_json_binary_and_releases_session" time="0.008" /><testcase classname="tests.test_demo" name="test_backend_failure_is_actionable_and_sanitized" time="0.002" /><testcase classname="tests.test_demo" name="test_cross_origin_connection_rejected" time="0.002" /><testcase classname="tests.test_demo" name="test_launch_flags_belong_to_selected_pinned_backends[local-False]" time="0.002" /><testcase classname="tests.test_demo" name="test_launch_flags_belong_to_selected_pinned_backends[remote-False]" time="0.001" /><testcase classname="tests.test_demo" name="test_launch_flags_belong_to_selected_pinned_backends[local-True]" time="0.001" /><testcase classname="tests.test_demo" name="test_health_probes_real_backend_http" time="0.529" /><testcase classname="tests.test_demo" name="test_smoke_client_protocol_and_wav_writer" time="0.004" /><testcase classname="tests.test_tts_patch" name="test_clone_payload_keeps_voice_and_forwards_turn_language[fr]" time="0.017" /><testcase classname="tests.test_tts_patch" name="test_clone_payload_keeps_voice_and_forwards_turn_language[de]" time="0.015" /><testcase classname="tests.test_tts_patch" name="test_clone_payload_keeps_voice_and_forwards_turn_language[es]" time="0.013" /><testcase classname="tests.test_tts_patch" name="test_clone_payload_keeps_voice_and_forwards_turn_language[it]" time="0.015" /><testcase classname="tests.test_tts_patch" name="test_clone_payload_keeps_voice_and_forwards_turn_language[pl]" time="0.012" /><testcase classname="tests.test_tts_patch" name="test_fixed_language_override_and_auto_omission" time="0.012" /><testcase classname="tests.test_tts_patch" name="test_clone_arguments_must_be_a_pair[file:///ref.wav-None]" time="0.014" /><testcase classname="tests.test_tts_patch" name="test_clone_arguments_must_be_a_pair[None-hello]" time="0.017" /><testcase classname="tests.test_tts_patch" name="test_clone_arguments_must_be_a_pair[file:///ref.wav-  ]" time="0.015" /><testcase classname="tests.test_tts_patch" name="test_process_actually_delivers_detected_language_to_request" time="0.015" /><testcase classname="tests.test_tts_patch" name="test_language_reference_exact_base_and_fallback[FR_ca-fr]" time="0.017" /><testcase classname="tests.test_tts_patch" name="test_language_reference_exact_base_and_fallback[es-419-es-419]" time="0.015" /><testcase classname="tests.test_tts_patch" name="test_language_reference_exact_base_and_fallback[es-MX-es]" time="0.021" /><testcase classname="tests.test_tts_patch" name="test_language_reference_exact_base_and_fallback[pl-default]" time="0.028" /><testcase classname="tests.test_tts_patch" name="test_language_reference_exact_base_and_fallback[None-default]" time="0.018" /><testcase classname="tests.test_tts_patch" name="test_language_reference_exact_base_and_fallback[../../fr-default]" time="0.024" /><testcase classname="tests.test_tts_patch" name="test_fixed_language_selects_matching_reference" time="0.014" /><testcase classname="tests.test_tts_patch" name="test_bad_reference_directories_fail_at_startup[missing]" time="0.018" /><testcase classname="tests.test_tts_patch" name="test_bad_reference_directories_fail_at_startup[blank]" time="0.029" /><testcase classname="tests.test_tts_patch" name="test_bad_reference_directories_fail_at_startup[duplicate]" time="0.023" /><testcase classname="tests.test_tts_patch" name="test_bad_reference_directories_fail_at_startup[invalid_code]" time="0.030" /><testcase classname="tests.test_tts_patch" name="test_bad_reference_directories_fail_at_startup[orphan_text]" time="0.016" /><testcase classname="tests.test_tts_patch" name="test_language_reference_used_by_real_process_path" time="0.034" /><testcase classname="tests.test_tts_patch" name="test_configured_clone_takes_precedence_over_reachy_preset" time="0.018" /></testsuite></testsuites>